
> api@0.0.0 start
> node ./bin/www


> api@0.0.0 start
> node ./bin/www


> api@0.0.0 start
> node ./bin/www

node:internal/modules/cjs/loader:936
  throw err;
  ^

Error: Cannot find module 'express'
Require stack:
- /home/formation/Bureau/cours_TSI/Javascript_avancée/projet/Station_M-t-o/API/api/app.js
- /home/formation/Bureau/cours_TSI/Javascript_avancée/projet/Station_M-t-o/API/api/bin/www
    at Function.Module._resolveFilename (node:internal/modules/cjs/loader:933:15)
    at Function.Module._load (node:internal/modules/cjs/loader:778:27)
    at Module.require (node:internal/modules/cjs/loader:1005:19)
    at require (node:internal/modules/cjs/helpers:102:18)
    at Object.<anonymous> (/home/formation/Bureau/cours_TSI/Javascript_avancée/projet/Station_M-t-o/API/api/app.js:1:15)
    at Module._compile (node:internal/modules/cjs/loader:1101:14)
    at Object.Module._extensions..js (node:internal/modules/cjs/loader:1153:10)
    at Module.load (node:internal/modules/cjs/loader:981:32)
    at Function.Module._load (node:internal/modules/cjs/loader:822:12)
    at Module.require (node:internal/modules/cjs/loader:1005:19) {
  code: 'MODULE_NOT_FOUND',
  requireStack: [
    '/home/formation/Bureau/cours_TSI/Javascript_avancée/projet/Station_M-t-o/API/api/app.js',
    '/home/formation/Bureau/cours_TSI/Javascript_avancée/projet/Station_M-t-o/API/api/bin/www'
  ]
}
node:internal/modules/cjs/loader:936
  throw err;
  ^

Error: Cannot find module 'express'
Require stack:
- /home/formation/Bureau/cours_TSI/Javascript_avancée/projet/Station_M-t-o/API/api/app.js
- /home/formation/Bureau/cours_TSI/Javascript_avancée/projet/Station_M-t-o/API/api/bin/www
    at Function.Module._resolveFilename (node:internal/modules/cjs/loader:933:15)
    at Function.Module._load (node:internal/modules/cjs/loader:778:27)
    at Module.require (node:internal/modules/cjs/loader:1005:19)
    at require (node:internal/modules/cjs/helpers:102:18)
    at Object.<anonymous> (/home/formation/Bureau/cours_TSI/Javascript_avancée/projet/Station_M-t-o/API/api/app.js:1:15)
    at Module._compile (node:internal/modules/cjs/loader:1101:14)
    at Object.Module._extensions..js (node:internal/modules/cjs/loader:1153:10)
    at Module.load (node:internal/modules/cjs/loader:981:32)
    at Function.Module._load (node:internal/modules/cjs/loader:822:12)
    at Module.require (node:internal/modules/cjs/loader:1005:19) {
  code: 'MODULE_NOT_FOUND',
  requireStack: [
    '/home/formation/Bureau/cours_TSI/Javascript_avancée/projet/Station_M-t-o/API/api/app.js',
    '/home/formation/Bureau/cours_TSI/Javascript_avancée/projet/Station_M-t-o/API/api/bin/www'
  ]
}
node:internal/modules/cjs/loader:936
  throw err;
  ^

Error: Cannot find module 'express'
Require stack:
- /home/formation/Bureau/cours_TSI/Javascript_avancée/projet/Station_M-t-o/API/api/app.js
- /home/formation/Bureau/cours_TSI/Javascript_avancée/projet/Station_M-t-o/API/api/bin/www
    at Function.Module._resolveFilename (node:internal/modules/cjs/loader:933:15)
    at Function.Module._load (node:internal/modules/cjs/loader:778:27)
    at Module.require (node:internal/modules/cjs/loader:1005:19)
    at require (node:internal/modules/cjs/helpers:102:18)
    at Object.<anonymous> (/home/formation/Bureau/cours_TSI/Javascript_avancée/projet/Station_M-t-o/API/api/app.js:1:15)
    at Module._compile (node:internal/modules/cjs/loader:1101:14)
    at Object.Module._extensions..js (node:internal/modules/cjs/loader:1153:10)
    at Module.load (node:internal/modules/cjs/loader:981:32)
    at Function.Module._load (node:internal/modules/cjs/loader:822:12)
    at Module.require (node:internal/modules/cjs/loader:1005:19) {
  code: 'MODULE_NOT_FOUND',
  requireStack: [
    '/home/formation/Bureau/cours_TSI/Javascript_avancée/projet/Station_M-t-o/API/api/app.js',
    '/home/formation/Bureau/cours_TSI/Javascript_avancée/projet/Station_M-t-o/API/api/bin/www'
  ]
}
